<?xml version="1.0" encoding="UTF-8"?>
<TestRun id="run1" name="Test Run" xmlns="http://microsoft.com/schemas/VisualStudio/TeamTest/2010">
  <Times creation="2024-01-01T00:00:00.0000000+00:00" queuing="2024-01-01T00:00:00.0000000+00:00" start="2024-01-01T00:00:00.0000000+00:00" finish="2024-01-01T00:00:01.0000000+00:00" />
  <TestDefinitions>
    <UnitTest name="TestMethod1" id="test1">
      <TestMethod className="MyProject.Tests.MyTests" name="TestMethod1" />
    </UnitTest>
    <UnitTest name="TestMethod2" id="test2">
      <TestMethod className="MyProject.Tests.MyTests" name="TestMethod2" />
    </UnitTest>
  </TestDefinitions>
  <TestLists>
    <TestList name="Results Not in a List" id="8c84fa94-04c1-424b-9868-57a2d4851a1d" />
  </TestLists>
  <TestEntries>
    <TestEntry testId="test1" testListId="8c84fa94-04c1-424b-9868-57a2d4851a1d" executionId="exec1" />
    <TestEntry testId="test2" testListId="8c84fa94-04c1-424b-9868-57a2d4851a1d" executionId="exec2" />
  </TestEntries>
  <Results>
    <UnitTestResult executionId="exec1" testId="test1" testName="TestMethod1" outcome="Passed" duration="00:00:00.001" />
    <UnitTestResult executionId="exec2" testId="test2" testName="TestMethod2" outcome="Passed" duration="00:00:00.001" />
  </Results>
  <ResultSummary outcome="Completed">
    <Counters total="2" executed="2" passed="2" failed="0" error="0" timeout="0" aborted="0" inconclusive="0" passedButRunAborted="0" notRunnable="0" notExecuted="0" disconnected="0" warning="0" completed="0" inProgress="0" pending="0" />
  </ResultSummary>
</TestRun>
